c:\users\data-3\downloads\game\proj\vs2015\obj\vc140.pdb
c:\users\data-3\downloads\game\proj\vs2015\obj\vc140.idb
c:\users\data-3\downloads\game\proj\vs2015\obj\boundaries.obj
c:\users\data-3\downloads\game\proj\vs2015\obj\bullet.obj
c:\users\data-3\downloads\game\proj\vs2015\obj\enemy.obj
c:\users\data-3\downloads\game\proj\vs2015\obj\main.obj
c:\users\data-3\downloads\game\proj\vs2015\obj\mapgenerator.obj
c:\users\data-3\downloads\game\proj\vs2015\obj\menusprites.obj
c:\users\data-3\downloads\game\proj\vs2015\obj\pathfinding.obj
c:\users\data-3\downloads\game\proj\vs2015\obj\playertank.obj
c:\users\data-3\downloads\game\proj\vs2015\obj\powerups.obj
c:\users\data-3\downloads\game\proj\vs2015\obj\turret.obj
c:\users\data-3\downloads\game\bin\x64\debug\wiitanks.ilk
c:\users\data-3\downloads\game\bin\x64\debug\wiitanks.exe
c:\users\data-3\downloads\game\bin\x64\debug\wiitanks.pdb
c:\users\data-3\downloads\game\proj\vs2015\obj\wiitanks.vcxprojresolveassemblyreference.cache
c:\users\data-3\downloads\game\proj\vs2015\obj\mathutil.obj
c:\users\data-3\downloads\game\proj\vs2015\obj\matrix3x3.obj
c:\users\data-3\downloads\game\proj\vs2015\obj\matrix4x4.obj
c:\users\data-3\downloads\game\proj\vs2015\obj\otherfunctions.obj
c:\users\data-3\downloads\game\proj\vs2015\obj\vector2.obj
c:\users\data-3\downloads\game\proj\vs2015\obj\vector3.obj
c:\users\data-3\downloads\game\proj\vs2015\obj\vector4.obj
c:\users\data-3\downloads\game\proj\vs2015\obj\enemy.obj.enc
c:\users\data-3\downloads\game\proj\vs2015\obj\main.obj.enc
c:\users\data-3\downloads\game\proj\vs2015\obj\mapgenerator.obj.enc
c:\users\data-3\downloads\game\proj\vs2015\obj\menusprites.obj.enc
c:\users\data-3\downloads\game\proj\vs2015\obj\playertank.obj.enc
c:\users\data-3\downloads\game\proj\vs2015\obj\powerups.obj.enc
c:\users\data-3\downloads\game\proj\vs2015\..\..\bin\x64\debug\wiitanks.exe
c:\users\data-3\downloads\game\proj\vs2015\obj\wiitanks.tlog\cl.command.1.tlog
c:\users\data-3\downloads\game\proj\vs2015\obj\wiitanks.tlog\cl.read.1.tlog
c:\users\data-3\downloads\game\proj\vs2015\obj\wiitanks.tlog\cl.write.1.tlog
c:\users\data-3\downloads\game\proj\vs2015\obj\wiitanks.tlog\link.command.1.tlog
c:\users\data-3\downloads\game\proj\vs2015\obj\wiitanks.tlog\link.read.1.tlog
c:\users\data-3\downloads\game\proj\vs2015\obj\wiitanks.tlog\link.write.1.tlog
