C:\Program Files (x86)\MSBuild\Microsoft.Cpp\v4.0\V140\Microsoft.CppBuild.targets(392,5): warning MSB8028: The intermediate directory (./obj\) contains files shared from another project (Pong.vcxproj).  This can lead to incorrect clean and rebuild behavior.
  OtherFunctions.cpp
c:\users\s1600056\downloads\game\include\otherfunctions.h(120): error C2065: 'fHALF_PI': undeclared identifier
c:\users\s1600056\downloads\game\include\otherfunctions.h(120): error C3861: 'cos': identifier not found
c:\users\s1600056\downloads\game\include\otherfunctions.h(121): error C2065: 'fHALF_PI': undeclared identifier
c:\users\s1600056\downloads\game\include\otherfunctions.h(121): error C3861: 'sin': identifier not found
c:\users\s1600056\downloads\library\danmmathlibrarystatic\include\mathutil.h(16): error C2086: 'float fSpriteMatrix[16]': redefinition
  c:\users\s1600056\downloads\game\include\otherfunctions.h(22): note: see declaration of 'fSpriteMatrix'
c:\users\s1600056\downloads\library\danmmathlibrarystatic\include\mathutil.h(18): warning C4305: 'initializing': truncation from 'double' to 'float'
c:\users\s1600056\downloads\game\source\otherfunctions.cpp(72): warning C4244: 'initializing': conversion from 'int' to 'float', possible loss of data
c:\users\s1600056\downloads\game\source\otherfunctions.cpp(73): warning C4244: 'initializing': conversion from 'int' to 'float', possible loss of data
c:\users\s1600056\downloads\game\source\otherfunctions.cpp(80): warning C4244: 'initializing': conversion from 'double' to 'float', possible loss of data
c:\users\s1600056\downloads\game\source\otherfunctions.cpp(81): warning C4244: 'initializing': conversion from 'double' to 'float', possible loss of data
  Generating Code...
  Compiling...
  Bullet.cpp
c:\users\s1600056\downloads\game\include\otherfunctions.h(120): error C2065: 'fHALF_PI': undeclared identifier
c:\users\s1600056\downloads\game\include\otherfunctions.h(120): error C3861: 'cos': identifier not found
c:\users\s1600056\downloads\game\include\otherfunctions.h(121): error C2065: 'fHALF_PI': undeclared identifier
c:\users\s1600056\downloads\game\include\otherfunctions.h(121): error C3861: 'sin': identifier not found
c:\users\s1600056\downloads\game\source\bullet.cpp(9): error C2653: 'UG': is not a class or namespace name
c:\users\s1600056\downloads\game\source\bullet.cpp(9): error C3861: 'CreateSprite': identifier not found
c:\users\s1600056\downloads\game\source\bullet.cpp(10): error C2653: 'UG': is not a class or namespace name
c:\users\s1600056\downloads\game\source\bullet.cpp(10): error C3861: 'DrawSprite': identifier not found
c:\users\s1600056\downloads\game\source\bullet.cpp(11): error C2653: 'UG': is not a class or namespace name
c:\users\s1600056\downloads\game\source\bullet.cpp(11): error C3861: 'SetSpriteLayer': identifier not found
c:\users\s1600056\downloads\game\source\bullet.cpp(16): error C2653: 'UG': is not a class or namespace name
c:\users\s1600056\downloads\game\source\bullet.cpp(16): error C3861: 'MoveSprite': identifier not found
c:\users\s1600056\downloads\game\source\bullet.cpp(28): error C2039: 'cout': is not a member of 'std'
  c:\users\s1600056\downloads\game\proj\vs2015\predefined c++ types (compiler internal)(209): note: see declaration of 'std'
c:\users\s1600056\downloads\game\source\bullet.cpp(28): error C2065: 'cout': undeclared identifier
c:\users\s1600056\downloads\game\source\bullet.cpp(28): error C2039: 'endl': is not a member of 'std'
  c:\users\s1600056\downloads\game\proj\vs2015\predefined c++ types (compiler internal)(209): note: see declaration of 'std'
c:\users\s1600056\downloads\game\source\bullet.cpp(28): error C2065: 'endl': undeclared identifier
c:\users\s1600056\downloads\game\source\bullet.cpp(42): error C2653: 'UG': is not a class or namespace name
c:\users\s1600056\downloads\game\source\bullet.cpp(42): error C3861: 'MoveSprite': identifier not found
c:\users\s1600056\downloads\game\source\bullet.cpp(48): warning C4244: 'initializing': conversion from 'double' to 'int', possible loss of data
c:\users\s1600056\downloads\game\source\bullet.cpp(49): warning C4244: 'initializing': conversion from 'double' to 'int', possible loss of data
c:\users\s1600056\downloads\game\source\bullet.cpp(51): error C2065: 'iMapWidth': undeclared identifier
c:\users\s1600056\downloads\game\source\bullet.cpp(59): error C2653: 'UG': is not a class or namespace name
c:\users\s1600056\downloads\game\source\bullet.cpp(59): error C3861: 'StopDrawingSprite': identifier not found
c:\users\s1600056\downloads\game\source\bullet.cpp(60): error C2653: 'UG': is not a class or namespace name
c:\users\s1600056\downloads\game\source\bullet.cpp(60): error C3861: 'DestroySprite': identifier not found
  Generating Code...
  Compiling...
  Enemy.cpp
c:\users\s1600056\downloads\game\include\otherfunctions.h(120): error C2065: 'fHALF_PI': undeclared identifier
c:\users\s1600056\downloads\game\include\otherfunctions.h(120): error C3861: 'cos': identifier not found
c:\users\s1600056\downloads\game\include\otherfunctions.h(121): error C2065: 'fHALF_PI': undeclared identifier
c:\users\s1600056\downloads\game\include\otherfunctions.h(121): error C3861: 'sin': identifier not found
c:\users\s1600056\downloads\game\include\enemy.h(9): error C2653: 'UG': is not a class or namespace name
c:\users\s1600056\downloads\game\include\enemy.h(9): error C3861: 'CreateSprite': identifier not found
c:\users\s1600056\downloads\game\include\enemy.h(10): error C2653: 'UG': is not a class or namespace name
c:\users\s1600056\downloads\game\include\enemy.h(10): error C3861: 'DrawSprite': identifier not found
c:\users\s1600056\downloads\game\include\enemy.h(11): error C2653: 'UG': is not a class or namespace name
c:\users\s1600056\downloads\game\include\enemy.h(11): error C3861: 'SetSpriteLayer': identifier not found
c:\users\s1600056\downloads\game\include\enemy.h(32): error C2061: syntax error: identifier 'PlayerTank'
c:\users\s1600056\downloads\game\include\enemy.h(35): error C2061: syntax error: identifier 'Vector3'
c:\users\s1600056\downloads\game\include\enemy.h(46): error C3646: 'pTopLeft': unknown override specifier
c:\users\s1600056\downloads\game\include\enemy.h(46): error C4430: missing type specifier - int assumed. Note: C++ does not support default-int
c:\users\s1600056\downloads\game\include\enemy.h(47): error C3646: 'pTopRight': unknown override specifier
c:\users\s1600056\downloads\game\include\enemy.h(47): error C4430: missing type specifier - int assumed. Note: C++ does not support default-int
c:\users\s1600056\downloads\game\include\enemy.h(48): error C3646: 'pBotLeft': unknown override specifier
c:\users\s1600056\downloads\game\include\enemy.h(48): error C4430: missing type specifier - int assumed. Note: C++ does not support default-int
c:\users\s1600056\downloads\game\include\enemy.h(49): error C3646: 'pBotRight': unknown override specifier
c:\users\s1600056\downloads\game\include\enemy.h(49): error C4430: missing type specifier - int assumed. Note: C++ does not support default-int
c:\users\s1600056\downloads\game\include\enemy.h(50): error C3646: 'pFront': unknown override specifier
c:\users\s1600056\downloads\game\include\enemy.h(50): error C4430: missing type specifier - int assumed. Note: C++ does not support default-int
c:\users\s1600056\downloads\game\include\enemy.h(51): error C3646: 'pBack': unknown override specifier
c:\users\s1600056\downloads\game\include\enemy.h(51): error C4430: missing type specifier - int assumed. Note: C++ does not support default-int
c:\users\s1600056\downloads\game\include\enemy.h(57): error C2065: 'iMapHeight': undeclared identifier
c:\users\s1600056\downloads\game\include\enemy.h(57): error C2065: 'iMapWidth': undeclared identifier
c:\users\s1600056\downloads\game\include\enemy.h(57): warning C4200: nonstandard extension used: zero-sized array in struct/union
  c:\users\s1600056\downloads\game\include\enemy.h(57): note: This member will be ignored by a defaulted constructor or copy/move assignment operator
c:\users\s1600056\downloads\game\source\enemy.cpp(9): error C2039: 'CreateSprite': is not a member of 'UG'
  c:\users\s1600056\downloads\game\deps\uog\include\enumerations.h(1): note: see declaration of 'UG'
c:\users\s1600056\downloads\game\source\enemy.cpp(9): error C3861: 'CreateSprite': identifier not found
c:\users\s1600056\downloads\game\source\enemy.cpp(11): error C2039: 'DrawSprite': is not a member of 'UG'
  c:\users\s1600056\downloads\game\deps\uog\include\enumerations.h(1): note: see declaration of 'UG'
c:\users\s1600056\downloads\game\source\enemy.cpp(11): error C3861: 'DrawSprite': identifier not found
c:\users\s1600056\downloads\game\source\enemy.cpp(13): error C2039: 'MoveSprite': is not a member of 'UG'
  c:\users\s1600056\downloads\game\deps\uog\include\enumerations.h(1): note: see declaration of 'UG'
c:\users\s1600056\downloads\game\source\enemy.cpp(13): error C3861: 'MoveSprite': identifier not found
c:\users\s1600056\downloads\game\source\enemy.cpp(14): error C2039: 'SetSpriteLayer': is not a member of 'UG'
  c:\users\s1600056\downloads\game\deps\uog\include\enumerations.h(1): note: see declaration of 'UG'
c:\users\s1600056\downloads\game\source\enemy.cpp(14): error C3861: 'SetSpriteLayer': identifier not found
c:\users\s1600056\downloads\game\source\enemy.cpp(18): error C2065: 'PlayerTank': undeclared identifier
c:\users\s1600056\downloads\game\source\enemy.cpp(18): error C2065: 'a_vPlayer': undeclared identifier
c:\users\s1600056\downloads\game\source\enemy.cpp(18): error C2761: 'void Enemy::MoveTank(void)': member function redeclaration not allowed
c:\users\s1600056\downloads\game\source\enemy.cpp(19): error C2448: 'Enemy::MoveTank': function-style initializer appears to be a function definition
c:\users\s1600056\downloads\game\source\enemy.cpp(26): error C2061: syntax error: identifier 'Vector3'
c:\users\s1600056\downloads\game\source\enemy.cpp(31): error C2039: 'IsKeyDown': is not a member of 'UG'
  c:\users\s1600056\downloads\game\deps\uog\include\enumerations.h(1): note: see declaration of 'UG'
c:\users\s1600056\downloads\game\source\enemy.cpp(31): error C3861: 'IsKeyDown': identifier not found
c:\users\s1600056\downloads\game\source\enemy.cpp(31): error C2065: 'a_vForwards': undeclared identifier
c:\users\s1600056\downloads\game\source\enemy.cpp(31): error C2228: left of '.dZ' must have class/struct/union
  c:\users\s1600056\downloads\game\source\enemy.cpp(31): note: type is 'unknown-type'
c:\users\s1600056\downloads\game\source\enemy.cpp(31): error C2065: 'pFront': undeclared identifier
c:\users\s1600056\downloads\game\source\enemy.cpp(33): warning C4244: 'argument': conversion from 'int' to 'float', possible loss of data
c:\users\s1600056\downloads\game\source\enemy.cpp(35): error C2039: 'IsKeyDown': is not a member of 'UG'
  c:\users\s1600056\downloads\game\deps\uog\include\enumerations.h(1): note: see declaration of 'UG'
c:\users\s1600056\downloads\game\source\enemy.cpp(35): error C3861: 'IsKeyDown': identifier not found
c:\users\s1600056\downloads\game\source\enemy.cpp(35): error C2065: 'a_vBackwards': undeclared identifier
c:\users\s1600056\downloads\game\source\enemy.cpp(35): error C2228: left of '.dZ' must have class/struct/union
  c:\users\s1600056\downloads\game\source\enemy.cpp(35): note: type is 'unknown-type'
c:\users\s1600056\downloads\game\source\enemy.cpp(37): warning C4244: 'argument': conversion from 'int' to 'float', possible loss of data
c:\users\s1600056\downloads\game\source\enemy.cpp(45): error C2065: 'iMapHeight': undeclared identifier
c:\users\s1600056\downloads\game\source\enemy.cpp(45): error C2065: 'iMapWidth': undeclared identifier
c:\users\s1600056\downloads\game\source\enemy.cpp(53): error C3861: 'DegreesToRadians': identifier not found
c:\users\s1600056\downloads\game\source\enemy.cpp(54): error C2065: 'pTopLeft': undeclared identifier
c:\users\s1600056\downloads\game\source\enemy.cpp(54): error C3861: 'Vector3': identifier not found
c:\users\s1600056\downloads\game\source\enemy.cpp(59): error C2065: 'pTopRight': undeclared identifier
c:\users\s1600056\downloads\game\source\enemy.cpp(59): error C3861: 'Vector3': identifier not found
c:\users\s1600056\downloads\game\source\enemy.cpp(64): error C2065: 'pBotLeft': undeclared identifier
c:\users\s1600056\downloads\game\source\enemy.cpp(64): error C3861: 'Vector3': identifier not found
c:\users\s1600056\downloads\game\source\enemy.cpp(69): error C2065: 'pBotRight': undeclared identifier
c:\users\s1600056\downloads\game\source\enemy.cpp(69): error C3861: 'Vector3': identifier not found
c:\users\s1600056\downloads\game\source\enemy.cpp(74): error C2065: 'pFront': undeclared identifier
c:\users\s1600056\downloads\game\source\enemy.cpp(74): error C3861: 'Vector3': identifier not found
c:\users\s1600056\downloads\game\source\enemy.cpp(81): error C2065: 'pBack': undeclared identifier
c:\users\s1600056\downloads\game\source\enemy.cpp(81): error C3861: 'Vector3': identifier not found
c:\users\s1600056\downloads\game\source\enemy.cpp(90): warning C4244: 'initializing': conversion from 'double' to 'int', possible loss of data
c:\users\s1600056\downloads\game\source\enemy.cpp(91): warning C4244: 'initializing': conversion from 'double' to 'int', possible loss of data
c:\users\s1600056\downloads\game\source\enemy.cpp(93): error C2065: 'iMapWidth': undeclared identifier
  Generating Code...
  Compiling...
  MapGenerator.cpp
c:\users\s1600056\downloads\game\include\otherfunctions.h(120): error C2065: 'fHALF_PI': undeclared identifier
c:\users\s1600056\downloads\game\include\otherfunctions.h(120): error C3861: 'cos': identifier not found
c:\users\s1600056\downloads\game\include\otherfunctions.h(121): error C2065: 'fHALF_PI': undeclared identifier
c:\users\s1600056\downloads\game\include\otherfunctions.h(121): error C3861: 'sin': identifier not found
c:\users\s1600056\downloads\game\source\mapgenerator.cpp(20): error C2065: 'fMapHeight': undeclared identifier
c:\users\s1600056\downloads\game\source\mapgenerator.cpp(22): error C2065: 'fMapWidth': undeclared identifier
c:\users\s1600056\downloads\game\source\mapgenerator.cpp(53): error C2653: 'UG': is not a class or namespace name
c:\users\s1600056\downloads\game\source\mapgenerator.cpp(53): error C3861: 'CreateSprite': identifier not found
c:\users\s1600056\downloads\game\source\mapgenerator.cpp(54): error C2653: 'UG': is not a class or namespace name
c:\users\s1600056\downloads\game\source\mapgenerator.cpp(54): error C3861: 'SetSpriteLayer': identifier not found
c:\users\s1600056\downloads\game\source\mapgenerator.cpp(55): error C2653: 'UG': is not a class or namespace name
c:\users\s1600056\downloads\game\source\mapgenerator.cpp(55): error C3861: 'MoveSprite': identifier not found
c:\users\s1600056\downloads\game\source\mapgenerator.cpp(56): error C2653: 'UG': is not a class or namespace name
c:\users\s1600056\downloads\game\source\mapgenerator.cpp(56): error C3861: 'DrawSprite': identifier not found
c:\users\s1600056\downloads\game\source\mapgenerator.cpp(62): error C2065: 'iMapWidth': undeclared identifier
c:\users\s1600056\downloads\game\source\mapgenerator.cpp(66): error C2065: 'iMapWidth': undeclared identifier
c:\users\s1600056\downloads\game\source\mapgenerator.cpp(76): error C2065: 'iMapHeight': undeclared identifier
c:\users\s1600056\downloads\game\source\mapgenerator.cpp(76): error C2065: 'iMapWidth': undeclared identifier
c:\users\s1600056\downloads\game\source\mapgenerator.cpp(91): error C2065: 'iMapWidth': undeclared identifier
c:\users\s1600056\downloads\game\source\mapgenerator.cpp(104): error C2065: 'fMapHeight': undeclared identifier
c:\users\s1600056\downloads\game\source\mapgenerator.cpp(106): error C2065: 'fMapWidth': undeclared identifier
c:\users\s1600056\downloads\game\source\mapgenerator.cpp(109): error C2653: 'UG': is not a class or namespace name
c:\users\s1600056\downloads\game\source\mapgenerator.cpp(109): error C3861: 'StopDrawingSprite': identifier not found
c:\users\s1600056\downloads\game\source\mapgenerator.cpp(110): error C2653: 'UG': is not a class or namespace name
c:\users\s1600056\downloads\game\source\mapgenerator.cpp(110): error C3861: 'DestroySprite': identifier not found
  Generating Code...
  Compiling...
  PlayerTank.cpp
c:\users\s1600056\downloads\game\include\otherfunctions.h(120): error C2065: 'fHALF_PI': undeclared identifier
c:\users\s1600056\downloads\game\include\otherfunctions.h(120): error C3861: 'cos': identifier not found
c:\users\s1600056\downloads\game\include\otherfunctions.h(121): error C2065: 'fHALF_PI': undeclared identifier
c:\users\s1600056\downloads\game\include\otherfunctions.h(121): error C3861: 'sin': identifier not found
c:\users\s1600056\downloads\game\include\playertank.h(8): error C2653: 'UG': is not a class or namespace name
c:\users\s1600056\downloads\game\include\playertank.h(8): error C3861: 'CreateSprite': identifier not found
c:\users\s1600056\downloads\game\include\playertank.h(9): error C2653: 'UG': is not a class or namespace name
c:\users\s1600056\downloads\game\include\playertank.h(9): error C3861: 'DrawSprite': identifier not found
c:\users\s1600056\downloads\game\include\playertank.h(10): error C2653: 'UG': is not a class or namespace name
c:\users\s1600056\downloads\game\include\playertank.h(10): error C3861: 'SetSpriteLayer': identifier not found
c:\users\s1600056\downloads\game\include\playertank.h(34): error C2061: syntax error: identifier 'Vector3'
c:\users\s1600056\downloads\game\include\playertank.h(40): error C2065: 'iMapHeight': undeclared identifier
c:\users\s1600056\downloads\game\include\playertank.h(40): error C2065: 'iMapWidth': undeclared identifier
c:\users\s1600056\downloads\game\include\playertank.h(40): warning C4200: nonstandard extension used: zero-sized array in struct/union
  c:\users\s1600056\downloads\game\include\playertank.h(40): note: This member will be ignored by a defaulted constructor or copy/move assignment operator
c:\users\s1600056\downloads\game\include\playertank.h(42): error C2229: class 'PlayerTank' has an illegal zero-sized array
c:\users\s1600056\downloads\game\include\playertank.h(50): error C3646: 'pTopLeft': unknown override specifier
c:\users\s1600056\downloads\game\include\playertank.h(50): error C4430: missing type specifier - int assumed. Note: C++ does not support default-int
c:\users\s1600056\downloads\game\include\playertank.h(51): error C3646: 'pTopRight': unknown override specifier
c:\users\s1600056\downloads\game\include\playertank.h(51): error C4430: missing type specifier - int assumed. Note: C++ does not support default-int
c:\users\s1600056\downloads\game\include\playertank.h(52): error C3646: 'pBotLeft': unknown override specifier
c:\users\s1600056\downloads\game\include\playertank.h(52): error C4430: missing type specifier - int assumed. Note: C++ does not support default-int
c:\users\s1600056\downloads\game\include\playertank.h(53): error C3646: 'pBotRight': unknown override specifier
c:\users\s1600056\downloads\game\include\playertank.h(53): error C4430: missing type specifier - int assumed. Note: C++ does not support default-int
c:\users\s1600056\downloads\game\include\playertank.h(54): error C3646: 'pFront': unknown override specifier
c:\users\s1600056\downloads\game\include\playertank.h(54): error C4430: missing type specifier - int assumed. Note: C++ does not support default-int
c:\users\s1600056\downloads\game\include\playertank.h(55): error C3646: 'pBack': unknown override specifier
c:\users\s1600056\downloads\game\include\playertank.h(55): error C4430: missing type specifier - int assumed. Note: C++ does not support default-int
c:\users\s1600056\downloads\game\source\playertank.cpp(9): error C2039: 'CreateSprite': is not a member of 'UG'
  c:\users\s1600056\downloads\game\deps\uog\include\enumerations.h(1): note: see declaration of 'UG'
c:\users\s1600056\downloads\game\source\playertank.cpp(9): error C3861: 'CreateSprite': identifier not found
c:\users\s1600056\downloads\game\source\playertank.cpp(11): error C2039: 'DrawSprite': is not a member of 'UG'
  c:\users\s1600056\downloads\game\deps\uog\include\enumerations.h(1): note: see declaration of 'UG'
c:\users\s1600056\downloads\game\source\playertank.cpp(11): error C3861: 'DrawSprite': identifier not found
c:\users\s1600056\downloads\game\source\playertank.cpp(13): error C2039: 'MoveSprite': is not a member of 'UG'
  c:\users\s1600056\downloads\game\deps\uog\include\enumerations.h(1): note: see declaration of 'UG'
c:\users\s1600056\downloads\game\source\playertank.cpp(13): error C3861: 'MoveSprite': identifier not found
c:\users\s1600056\downloads\game\source\playertank.cpp(14): error C2039: 'SetSpriteLayer': is not a member of 'UG'
  c:\users\s1600056\downloads\game\deps\uog\include\enumerations.h(1): note: see declaration of 'UG'
c:\users\s1600056\downloads\game\source\playertank.cpp(14): error C3861: 'SetSpriteLayer': identifier not found
c:\users\s1600056\downloads\game\source\playertank.cpp(21): error C2065: 'pTopRight': undeclared identifier
c:\users\s1600056\downloads\game\source\playertank.cpp(21): error C2065: 'pBotLeft': undeclared identifier
c:\users\s1600056\downloads\game\source\playertank.cpp(22): error C2065: 'pTopLeft': undeclared identifier
c:\users\s1600056\downloads\game\source\playertank.cpp(22): error C2065: 'pBotRight': undeclared identifier
c:\users\s1600056\downloads\game\source\playertank.cpp(23): error C2065: 'pBotLeft': undeclared identifier
c:\users\s1600056\downloads\game\source\playertank.cpp(23): error C2065: 'pTopRight': undeclared identifier
c:\users\s1600056\downloads\game\source\playertank.cpp(24): error C2065: 'pBotRight': undeclared identifier
c:\users\s1600056\downloads\game\source\playertank.cpp(24): error C2065: 'pTopLeft': undeclared identifier
c:\users\s1600056\downloads\game\source\playertank.cpp(27): error C2039: 'IsKeyDown': is not a member of 'UG'
  c:\users\s1600056\downloads\game\deps\uog\include\enumerations.h(1): note: see declaration of 'UG'
c:\users\s1600056\downloads\game\source\playertank.cpp(27): error C3861: 'IsKeyDown': identifier not found
c:\users\s1600056\downloads\game\source\playertank.cpp(31): error C2039: 'IsKeyDown': is not a member of 'UG'
  c:\users\s1600056\downloads\game\deps\uog\include\enumerations.h(1): note: see declaration of 'UG'
c:\users\s1600056\downloads\game\source\playertank.cpp(31): error C3861: 'IsKeyDown': identifier not found
c:\users\s1600056\downloads\game\source\playertank.cpp(46): warning C4244: 'argument': conversion from 'int' to 'float', possible loss of data
c:\users\s1600056\downloads\game\source\playertank.cpp(47): error C2039: 'MoveSprite': is not a member of 'UG'
  c:\users\s1600056\downloads\game\deps\uog\include\enumerations.h(1): note: see declaration of 'UG'
c:\users\s1600056\downloads\game\source\playertank.cpp(47): error C3861: 'MoveSprite': identifier not found
c:\users\s1600056\downloads\game\source\playertank.cpp(48): error C2039: 'MoveSprite': is not a member of 'UG'
  c:\users\s1600056\downloads\game\deps\uog\include\enumerations.h(1): note: see declaration of 'UG'
c:\users\s1600056\downloads\game\source\playertank.cpp(48): error C3861: 'MoveSprite': identifier not found
c:\users\s1600056\downloads\game\source\playertank.cpp(52): error C2061: syntax error: identifier 'Vector3'
c:\users\s1600056\downloads\game\source\playertank.cpp(57): error C2039: 'IsKeyDown': is not a member of 'UG'
  c:\users\s1600056\downloads\game\deps\uog\include\enumerations.h(1): note: see declaration of 'UG'
c:\users\s1600056\downloads\game\source\playertank.cpp(57): error C3861: 'IsKeyDown': identifier not found
c:\users\s1600056\downloads\game\source\playertank.cpp(57): error C2065: 'a_vForwards': undeclared identifier
c:\users\s1600056\downloads\game\source\playertank.cpp(57): error C2228: left of '.dZ' must have class/struct/union
  c:\users\s1600056\downloads\game\source\playertank.cpp(57): note: type is 'unknown-type'
c:\users\s1600056\downloads\game\source\playertank.cpp(57): error C2065: 'pFront': undeclared identifier
c:\users\s1600056\downloads\game\source\playertank.cpp(59): warning C4244: 'argument': conversion from 'int' to 'float', possible loss of data
c:\users\s1600056\downloads\game\source\playertank.cpp(61): error C2039: 'IsKeyDown': is not a member of 'UG'
  c:\users\s1600056\downloads\game\deps\uog\include\enumerations.h(1): note: see declaration of 'UG'
c:\users\s1600056\downloads\game\source\playertank.cpp(61): error C3861: 'IsKeyDown': identifier not found
c:\users\s1600056\downloads\game\source\playertank.cpp(61): error C2065: 'a_vBackwards': undeclared identifier
c:\users\s1600056\downloads\game\source\playertank.cpp(61): error C2228: left of '.dZ' must have class/struct/union
  c:\users\s1600056\downloads\game\source\playertank.cpp(61): note: type is 'unknown-type'
c:\users\s1600056\downloads\game\source\playertank.cpp(63): warning C4244: 'argument': conversion from 'int' to 'float', possible loss of data
c:\users\s1600056\downloads\game\source\playertank.cpp(71): error C2065: 'iMapHeight': undeclared identifier
c:\users\s1600056\downloads\game\source\playertank.cpp(71): error C2065: 'iMapWidth': undeclared identifier
c:\users\s1600056\downloads\game\source\playertank.cpp(79): error C3861: 'DegreesToRadians': identifier not found
c:\users\s1600056\downloads\game\source\playertank.cpp(80): error C2065: 'pTopLeft': undeclared identifier
c:\users\s1600056\downloads\game\source\playertank.cpp(80): error C3861: 'Vector3': identifier not found
c:\users\s1600056\downloads\game\source\playertank.cpp(85): error C2065: 'pTopRight': undeclared identifier
c:\users\s1600056\downloads\game\source\playertank.cpp(85): error C3861: 'Vector3': identifier not found
c:\users\s1600056\downloads\game\source\playertank.cpp(90): error C2065: 'pBotLeft': undeclared identifier
c:\users\s1600056\downloads\game\source\playertank.cpp(90): error C3861: 'Vector3': identifier not found
c:\users\s1600056\downloads\game\source\playertank.cpp(95): error C2065: 'pBotRight': undeclared identifier
c:\users\s1600056\downloads\game\source\playertank.cpp(95): error C3861: 'Vector3': identifier not found
c:\users\s1600056\downloads\game\source\playertank.cpp(100): error C2065: 'pFront': undeclared identifier
c:\users\s1600056\downloads\game\source\playertank.cpp(100): error C3861: 'Vector3': identifier not found
c:\users\s1600056\downloads\game\source\playertank.cpp(107): error C2065: 'pBack': undeclared identifier
c:\users\s1600056\downloads\game\source\playertank.cpp(107): error C3861: 'Vector3': identifier not found
c:\users\s1600056\downloads\game\source\playertank.cpp(116): warning C4244: 'initializing': conversion from 'double' to 'int', possible loss of data
c:\users\s1600056\downloads\game\source\playertank.cpp(117): warning C4244: 'initializing': conversion from 'double' to 'int', possible loss of data
c:\users\s1600056\downloads\game\source\playertank.cpp(119): error C2065: 'iMapWidth': undeclared identifier
  Generating Code...
  Compiling...
  main.cpp
c:\users\s1600056\downloads\game\include\otherfunctions.h(120): error C2065: 'fHALF_PI': undeclared identifier
c:\users\s1600056\downloads\game\include\otherfunctions.h(120): error C3861: 'cos': identifier not found
c:\users\s1600056\downloads\game\include\otherfunctions.h(121): error C2065: 'fHALF_PI': undeclared identifier
c:\users\s1600056\downloads\game\include\otherfunctions.h(121): error C3861: 'sin': identifier not found
c:\users\s1600056\downloads\game\include\playertank.h(8): error C2039: 'CreateSprite': is not a member of 'UG'
  c:\users\s1600056\downloads\game\deps\uog\include\enumerations.h(1): note: see declaration of 'UG'
c:\users\s1600056\downloads\game\include\playertank.h(8): error C3861: 'CreateSprite': identifier not found
c:\users\s1600056\downloads\game\include\playertank.h(9): error C2039: 'DrawSprite': is not a member of 'UG'
  c:\users\s1600056\downloads\game\deps\uog\include\enumerations.h(1): note: see declaration of 'UG'
c:\users\s1600056\downloads\game\include\playertank.h(9): error C3861: 'DrawSprite': identifier not found
c:\users\s1600056\downloads\game\include\playertank.h(10): error C2039: 'SetSpriteLayer': is not a member of 'UG'
  c:\users\s1600056\downloads\game\deps\uog\include\enumerations.h(1): note: see declaration of 'UG'
c:\users\s1600056\downloads\game\include\playertank.h(10): error C3861: 'SetSpriteLayer': identifier not found
c:\users\s1600056\downloads\game\include\playertank.h(34): error C2061: syntax error: identifier 'Vector3'
c:\users\s1600056\downloads\game\include\playertank.h(40): error C2065: 'iMapHeight': undeclared identifier
c:\users\s1600056\downloads\game\include\playertank.h(40): error C2065: 'iMapWidth': undeclared identifier
c:\users\s1600056\downloads\game\include\playertank.h(40): warning C4200: nonstandard extension used: zero-sized array in struct/union
  c:\users\s1600056\downloads\game\include\playertank.h(40): note: This member will be ignored by a defaulted constructor or copy/move assignment operator
c:\users\s1600056\downloads\game\include\playertank.h(42): error C2229: class 'PlayerTank' has an illegal zero-sized array
c:\users\s1600056\downloads\game\include\playertank.h(50): error C3646: 'pTopLeft': unknown override specifier
c:\users\s1600056\downloads\game\include\playertank.h(50): error C4430: missing type specifier - int assumed. Note: C++ does not support default-int
c:\users\s1600056\downloads\game\include\playertank.h(51): error C3646: 'pTopRight': unknown override specifier
c:\users\s1600056\downloads\game\include\playertank.h(51): error C4430: missing type specifier - int assumed. Note: C++ does not support default-int
c:\users\s1600056\downloads\game\include\playertank.h(52): error C3646: 'pBotLeft': unknown override specifier
c:\users\s1600056\downloads\game\include\playertank.h(52): error C4430: missing type specifier - int assumed. Note: C++ does not support default-int
c:\users\s1600056\downloads\game\include\playertank.h(53): error C3646: 'pBotRight': unknown override specifier
c:\users\s1600056\downloads\game\include\playertank.h(53): error C4430: missing type specifier - int assumed. Note: C++ does not support default-int
c:\users\s1600056\downloads\game\include\playertank.h(54): error C3646: 'pFront': unknown override specifier
c:\users\s1600056\downloads\game\include\playertank.h(54): error C4430: missing type specifier - int assumed. Note: C++ does not support default-int
c:\users\s1600056\downloads\game\include\playertank.h(55): error C3646: 'pBack': unknown override specifier
c:\users\s1600056\downloads\game\include\playertank.h(55): error C4430: missing type specifier - int assumed. Note: C++ does not support default-int
c:\users\s1600056\downloads\game\include\enemy.h(9): error C2039: 'CreateSprite': is not a member of 'UG'
  c:\users\s1600056\downloads\game\deps\uog\include\enumerations.h(1): note: see declaration of 'UG'
c:\users\s1600056\downloads\game\include\enemy.h(9): error C3861: 'CreateSprite': identifier not found
c:\users\s1600056\downloads\game\include\enemy.h(10): error C2039: 'DrawSprite': is not a member of 'UG'
  c:\users\s1600056\downloads\game\deps\uog\include\enumerations.h(1): note: see declaration of 'UG'
c:\users\s1600056\downloads\game\include\enemy.h(10): error C3861: 'DrawSprite': identifier not found
c:\users\s1600056\downloads\game\include\enemy.h(11): error C2039: 'SetSpriteLayer': is not a member of 'UG'
  c:\users\s1600056\downloads\game\deps\uog\include\enumerations.h(1): note: see declaration of 'UG'
c:\users\s1600056\downloads\game\include\enemy.h(11): error C3861: 'SetSpriteLayer': identifier not found
c:\users\s1600056\downloads\game\include\enemy.h(35): error C2061: syntax error: identifier 'Vector3'
c:\users\s1600056\downloads\game\include\enemy.h(46): error C3646: 'pTopLeft': unknown override specifier
c:\users\s1600056\downloads\game\include\enemy.h(46): error C4430: missing type specifier - int assumed. Note: C++ does not support default-int
c:\users\s1600056\downloads\game\include\enemy.h(47): error C3646: 'pTopRight': unknown override specifier
c:\users\s1600056\downloads\game\include\enemy.h(47): error C4430: missing type specifier - int assumed. Note: C++ does not support default-int
c:\users\s1600056\downloads\game\include\enemy.h(48): error C3646: 'pBotLeft': unknown override specifier
c:\users\s1600056\downloads\game\include\enemy.h(48): error C4430: missing type specifier - int assumed. Note: C++ does not support default-int
c:\users\s1600056\downloads\game\include\enemy.h(49): error C3646: 'pBotRight': unknown override specifier
c:\users\s1600056\downloads\game\include\enemy.h(49): error C4430: missing type specifier - int assumed. Note: C++ does not support default-int
c:\users\s1600056\downloads\game\include\enemy.h(50): error C3646: 'pFront': unknown override specifier
c:\users\s1600056\downloads\game\include\enemy.h(50): error C4430: missing type specifier - int assumed. Note: C++ does not support default-int
c:\users\s1600056\downloads\game\include\enemy.h(51): error C3646: 'pBack': unknown override specifier
c:\users\s1600056\downloads\game\include\enemy.h(51): error C4430: missing type specifier - int assumed. Note: C++ does not support default-int
c:\users\s1600056\downloads\game\include\enemy.h(57): error C2065: 'iMapHeight': undeclared identifier
c:\users\s1600056\downloads\game\include\enemy.h(57): error C2065: 'iMapWidth': undeclared identifier
c:\users\s1600056\downloads\game\include\enemy.h(57): warning C4200: nonstandard extension used: zero-sized array in struct/union
  c:\users\s1600056\downloads\game\include\enemy.h(57): note: This member will be ignored by a defaulted constructor or copy/move assignment operator
c:\users\s1600056\downloads\game\source\main.cpp(48): error C2039: 'Create': is not a member of 'UG'
  c:\users\s1600056\downloads\game\deps\uog\include\enumerations.h(1): note: see declaration of 'UG'
c:\users\s1600056\downloads\game\source\main.cpp(48): error C3861: 'Create': identifier not found
c:\users\s1600056\downloads\game\source\main.cpp(51): error C2039: 'SetBackgroundColor': is not a member of 'UG'
  c:\users\s1600056\downloads\game\deps\uog\include\enumerations.h(1): note: see declaration of 'UG'
c:\users\s1600056\downloads\game\source\main.cpp(51): error C2039: 'SColour': is not a member of 'UG'
  c:\users\s1600056\downloads\game\deps\uog\include\enumerations.h(1): note: see declaration of 'UG'
c:\users\s1600056\downloads\game\source\main.cpp(51): error C3861: 'SColour': identifier not found
c:\users\s1600056\downloads\game\source\main.cpp(51): error C3861: 'SetBackgroundColor': identifier not found
c:\users\s1600056\downloads\game\source\main.cpp(52): error C2039: 'AddFont': is not a member of 'UG'
  c:\users\s1600056\downloads\game\deps\uog\include\enumerations.h(1): note: see declaration of 'UG'
c:\users\s1600056\downloads\game\source\main.cpp(52): error C3861: 'AddFont': identifier not found
c:\users\s1600056\downloads\game\source\main.cpp(64): warning C4815: 'newEnemy': zero-sized array in stack object will have no elements (unless the object is an aggregate that has been aggregate initialized)
c:\users\s1600056\downloads\game\source\main.cpp(80): error C2039: 'GetMouseButtonDown': is not a member of 'UG'
  c:\users\s1600056\downloads\game\deps\uog\include\enumerations.h(1): note: see declaration of 'UG'
c:\users\s1600056\downloads\game\source\main.cpp(80): error C3861: 'GetMouseButtonDown': identifier not found
c:\users\s1600056\downloads\game\source\main.cpp(93): error C2039: 'IsKeyDown': is not a member of 'UG'
  c:\users\s1600056\downloads\game\deps\uog\include\enumerations.h(1): note: see declaration of 'UG'
c:\users\s1600056\downloads\game\source\main.cpp(93): error C3861: 'IsKeyDown': identifier not found
c:\users\s1600056\downloads\game\source\main.cpp(98): error C2039: 'IsKeyDown': is not a member of 'UG'
  c:\users\s1600056\downloads\game\deps\uog\include\enumerations.h(1): note: see declaration of 'UG'
c:\users\s1600056\downloads\game\source\main.cpp(98): error C3861: 'IsKeyDown': identifier not found
c:\users\s1600056\downloads\game\source\main.cpp(103): error C2039: 'IsKeyDown': is not a member of 'UG'
  c:\users\s1600056\downloads\game\deps\uog\include\enumerations.h(1): note: see declaration of 'UG'
c:\users\s1600056\downloads\game\source\main.cpp(103): error C3861: 'IsKeyDown': identifier not found
c:\users\s1600056\downloads\game\source\main.cpp(108): error C2039: 'IsKeyDown': is not a member of 'UG'
  c:\users\s1600056\downloads\game\deps\uog\include\enumerations.h(1): note: see declaration of 'UG'
c:\users\s1600056\downloads\game\source\main.cpp(108): error C3861: 'IsKeyDown': identifier not found
c:\users\s1600056\downloads\game\source\main.cpp(115): error C2039: 'ClearScreen': is not a member of 'UG'
  c:\users\s1600056\downloads\game\deps\uog\include\enumerations.h(1): note: see declaration of 'UG'
c:\users\s1600056\downloads\game\source\main.cpp(115): error C3861: 'ClearScreen': identifier not found
c:\users\s1600056\downloads\game\source\main.cpp(116): error C2039: 'SetFont': is not a member of 'UG'
  c:\users\s1600056\downloads\game\deps\uog\include\enumerations.h(1): note: see declaration of 'UG'
c:\users\s1600056\downloads\game\source\main.cpp(116): error C3861: 'SetFont': identifier not found
c:\users\s1600056\downloads\game\source\main.cpp(118): error C2039: 'Process': is not a member of 'UG'
  c:\users\s1600056\downloads\game\deps\uog\include\enumerations.h(1): note: see declaration of 'UG'
c:\users\s1600056\downloads\game\source\main.cpp(118): error C3861: 'Process': identifier not found
c:\users\s1600056\downloads\game\source\main.cpp(122): error C2039: 'Dispose': is not a member of 'UG'
  c:\users\s1600056\downloads\game\deps\uog\include\enumerations.h(1): note: see declaration of 'UG'
c:\users\s1600056\downloads\game\source\main.cpp(122): error C3861: 'Dispose': identifier not found
  Generating Code...
