  Vector4.cpp
c:\users\data-3\downloads\game\deps\danmmathlibrarystatic\include\mathutil.h(10): warning C4305: 'initializing': truncation from 'double' to 'float'
c:\users\data-3\downloads\game\deps\danmmathlibrarystatic\source\vector4.cpp(120): warning C4244: 'initializing': conversion from 'double' to 'float', possible loss of data
  Vector3.cpp
c:\users\data-3\downloads\game\deps\danmmathlibrarystatic\include\mathutil.h(10): warning C4305: 'initializing': truncation from 'double' to 'float'
  Vector2.cpp
c:\users\data-3\downloads\game\deps\danmmathlibrarystatic\include\mathutil.h(10): warning C4305: 'initializing': truncation from 'double' to 'float'
  Matrix4x4.cpp
  Matrix3x3.cpp
c:\users\data-3\downloads\game\deps\danmmathlibrarystatic\source\matrix3x3.cpp(65): warning C4244: '+=': conversion from 'double' to 'float', possible loss of data
c:\users\data-3\downloads\game\deps\danmmathlibrarystatic\source\matrix3x3.cpp(66): warning C4244: '+=': conversion from 'double' to 'float', possible loss of data
c:\users\data-3\downloads\game\deps\danmmathlibrarystatic\source\matrix3x3.cpp(67): warning C4244: '+=': conversion from 'double' to 'float', possible loss of data
c:\users\data-3\downloads\game\deps\danmmathlibrarystatic\source\matrix3x3.cpp(77): warning C4244: '-=': conversion from 'double' to 'float', possible loss of data
c:\users\data-3\downloads\game\deps\danmmathlibrarystatic\source\matrix3x3.cpp(78): warning C4244: '-=': conversion from 'double' to 'float', possible loss of data
c:\users\data-3\downloads\game\deps\danmmathlibrarystatic\source\matrix3x3.cpp(79): warning C4244: '-=': conversion from 'double' to 'float', possible loss of data
  MathUtil.cpp
c:\users\data-3\downloads\game\deps\danmmathlibrarystatic\include\mathutil.h(10): warning C4305: 'initializing': truncation from 'double' to 'float'
  Generating Code...
c:\users\data-3\downloads\game\deps\danmmathlibrarystatic\source\matrix3x3.cpp(248): warning C4172: returning address of local variable or temporary: fArray
c:\users\data-3\downloads\game\deps\danmmathlibrarystatic\source\matrix3x3.cpp(284): warning C4715: 'Matrix3x3::GetMatrixValue': not all control paths return a value
c:\users\data-3\downloads\game\deps\danmmathlibrarystatic\source\matrix4x4.cpp(221): warning C4172: returning address of local variable or temporary: fArray
c:\users\data-3\downloads\game\deps\danmmathlibrarystatic\source\matrix4x4.cpp(278): warning C4715: 'Matrix4x4::GetMatrixValue': not all control paths return a value
  DanMMathLibraryStatic.vcxproj -> C:\Users\Data-3\Downloads\game\proj\vs2015\x64\Debug\DanMMathLibraryStatic.lib
